<?xml version="1.0" encoding="UTF-8"?>
<testng-results skipped="0" failed="0" ignored="0" total="1" passed="1">
  <reporter-output>
    <line>
      <![CDATA[Data:username]]>
    </line>
    <line>
      <![CDATA[Row:1]]>
    </line>
    <line>
      <![CDATA[Test:testAis PASSED]]>
    </line>
  </reporter-output>
  <suite name="Suite" duration-ms="6077" started-at="2018-09-27T19:19:05Z" finished-at="2018-09-27T19:19:11Z">
    <groups>
    </groups>
    <test name="Test" duration-ms="6077" started-at="2018-09-27T19:19:05Z" finished-at="2018-09-27T19:19:11Z">
      <class name="script.TestDemo">
        <test-method status="PASS" signature="openApplication(java.lang.String, java.lang.String)[pri:0, instance:script.TestDemo@77cd7a0]" name="openApplication" is-config="true" duration-ms="4972" started-at="2018-09-27T19:19:05Z" finished-at="2018-09-27T19:19:10Z">
          <params>
            <param index="0">
              <value>
                <![CDATA[localhost]]>
              </value>
            </param>
            <param index="1">
              <value>
                <![CDATA[chrome]]>
              </value>
            </param>
          </params>
          <reporter-output>
          </reporter-output>
        </test-method> <!-- openApplication -->
        <test-method status="PASS" signature="testA()[pri:0, instance:script.TestDemo@77cd7a0]" name="testA" duration-ms="405" started-at="2018-09-27T19:19:10Z" finished-at="2018-09-27T19:19:11Z">
          <reporter-output>
            <line>
              <![CDATA[Data:username]]>
            </line>
            <line>
              <![CDATA[Row:1]]>
            </line>
          </reporter-output>
        </test-method> <!-- testA -->
        <test-method status="PASS" signature="closeApplication(org.testng.ITestResult)[pri:0, instance:script.TestDemo@77cd7a0]" name="closeApplication" is-config="true" duration-ms="682" started-at="2018-09-27T19:19:11Z" finished-at="2018-09-27T19:19:11Z">
          <params>
            <param index="0">
              <value>
                <![CDATA[[TestResult name=testA status=SUCCESS method=TestDemo.testA()[pri:0, instance:script.TestDemo@77cd7a0] output=Data:username]]]>
              </value>
            </param>
          </params>
          <reporter-output>
            <line>
              <![CDATA[Test:testAis PASSED]]>
            </line>
          </reporter-output>
        </test-method> <!-- closeApplication -->
      </class> <!-- script.TestDemo -->
    </test> <!-- Test -->
  </suite> <!-- Suite -->
</testng-results>
