<?xml version="1.0" encoding="UTF-8"?>
<testng-results skipped="0" failed="0" ignored="0" total="1" passed="1">
  <reporter-output>
    <line>
      <![CDATA[testB.. executed]]>
    </line>
    <line>
      <![CDATA[Test:testBis PASSED]]>
    </line>
  </reporter-output>
  <suite name="Default suite" duration-ms="18434" started-at="2018-09-28T10:06:12Z" finished-at="2018-09-28T10:06:31Z">
    <groups>
    </groups>
    <test name="Default test" duration-ms="18434" started-at="2018-09-28T10:06:12Z" finished-at="2018-09-28T10:06:31Z">
      <class name="script.TestDemo2">
        <test-method status="PASS" signature="openApplication(java.lang.String, java.lang.String)[pri:0, instance:script.TestDemo2@204f30ec]" name="openApplication" is-config="true" duration-ms="6706" started-at="2018-09-28T10:06:12Z" finished-at="2018-09-28T10:06:19Z">
          <params>
            <param index="0">
              <value>
                <![CDATA[localhost]]>
              </value>
            </param>
            <param index="1">
              <value>
                <![CDATA[chrome]]>
              </value>
            </param>
          </params>
          <reporter-output>
          </reporter-output>
        </test-method> <!-- openApplication -->
        <test-method status="PASS" signature="testB()[pri:0, instance:script.TestDemo2@204f30ec]" name="testB" duration-ms="10948" started-at="2018-09-28T10:06:19Z" finished-at="2018-09-28T10:06:30Z">
          <reporter-output>
            <line>
              <![CDATA[testB.. executed]]>
            </line>
          </reporter-output>
        </test-method> <!-- testB -->
        <test-method status="PASS" signature="closeApplication(org.testng.ITestResult)[pri:0, instance:script.TestDemo2@204f30ec]" name="closeApplication" is-config="true" duration-ms="763" started-at="2018-09-28T10:06:30Z" finished-at="2018-09-28T10:06:31Z">
          <params>
            <param index="0">
              <value>
                <![CDATA[[TestResult name=testB status=SUCCESS method=TestDemo2.testB()[pri:0, instance:script.TestDemo2@204f30ec] output=testB.. executed]]]>
              </value>
            </param>
          </params>
          <reporter-output>
            <line>
              <![CDATA[Test:testBis PASSED]]>
            </line>
          </reporter-output>
        </test-method> <!-- closeApplication -->
      </class> <!-- script.TestDemo2 -->
    </test> <!-- Default test -->
  </suite> <!-- Default suite -->
</testng-results>
